<?xml version="1.0" encoding="UTF-8"?>
<!-- Generated by org.testng.reporters.JUnitReportReporter -->
<testsuite skipped="0" hostname="MMT-LPT-7543" name="loyalty_webservice.VoucherTests" tests="1" failures="0" timestamp="24 Oct 2018 07:54:49 GMT" time="2.527" errors="0">
  <testcase name="getUserActivationStatus" time="2.527" classname="loyalty_webservice.VoucherTests"/>
</testsuite> <!-- loyalty_webservice.VoucherTests -->
