<?xml version="1.0" encoding="UTF-8"?>
<!-- Generated by org.testng.reporters.JUnitReportReporter -->
<testsuite skipped="0" hostname="MMT-LPT-7543" name="org.mmt.tests.VoucherTests" tests="1" failures="0" timestamp="23 Oct 2018 11:47:52 GMT" time="2.073" errors="0">
  <testcase name="getBasicUserInfoTest" time="2.073" classname="org.mmt.tests.VoucherTests"/>
</testsuite> <!-- org.mmt.tests.VoucherTests -->
