<?xml version="1.0" encoding="UTF-8"?>
<!-- Generated by org.testng.reporters.JUnitReportReporter -->
<testsuite skipped="0" hostname="MMT-LPT-7543" name="org.mmt.tests.VoucherTests" tests="1" failures="0" timestamp="22 Oct 2018 06:47:02 GMT" time="3.779" errors="0">
  <testcase name="test1" time="3.779" classname="org.mmt.tests.VoucherTests"/>
</testsuite> <!-- org.mmt.tests.VoucherTests -->
